[debug] [2021-08-15T13:20:43.723Z] ----------------------------------------------------------------------
[debug] [2021-08-15T13:20:43.729Z] Command:       C:\Program Files\nodejs\node.exe C:\Users\alenj\AppData\Roaming\npm\node_modules\firebase-tools\lib\bin\firebase.js emulators:start
[debug] [2021-08-15T13:20:43.730Z] CLI Version:   9.16.3
[debug] [2021-08-15T13:20:43.730Z] Platform:      win32
[debug] [2021-08-15T13:20:43.730Z] Node Version:  v14.17.4
[debug] [2021-08-15T13:20:43.732Z] Time:          Sun Aug 15 2021 18:50:43 GMT+0530 (India Standard Time)
[debug] [2021-08-15T13:20:43.732Z] ----------------------------------------------------------------------
[debug] 
[debug] [2021-08-15T13:20:43.737Z] >>> [apiv2][query] GET https://firebase-public.firebaseio.com/cli.json [none]
[debug] [2021-08-15T13:20:43.833Z] > command requires scopes: ["email","openid","https://www.googleapis.com/auth/cloudplatformprojects.readonly","https://www.googleapis.com/auth/firebase","https://www.googleapis.com/auth/cloud-platform"]
[debug] [2021-08-15T13:20:43.834Z] > authorizing via signed-in user (alenjojo123@gmail.com)
[info] i  emulators: Starting emulators: functions, hosting {"metadata":{"emulator":{"name":"hub"},"message":"Starting emulators: functions, hosting"}}
[debug] [2021-08-15T13:20:43.857Z] [hub] writing locator at C:\Users\alenj\AppData\Local\Temp\hub-clone-f15f1.json
[warn] !  functions: The following emulators are not running, calls to these services from the Functions emulator will affect production: auth, firestore, database, pubsub, storage {"metadata":{"emulator":{"name":"functions"},"message":"The following emulators are not running, calls to these services from the Functions emulator will affect production: \u001b[1mauth, firestore, database, pubsub, storage\u001b[22m"}}
[info] +  functions: Using node@14 from host. {"metadata":{"emulator":{"name":"functions"},"message":"Using node@14 from host."}}
[debug] [2021-08-15T13:20:43.904Z] defaultcredentials: writing to file C:\Users\alenj\AppData\Roaming\firebase\alenjojo123_gmail_com_application_default_credentials.json
[debug] [2021-08-15T13:20:43.908Z] Setting GAC to C:\Users\alenj\AppData\Roaming\firebase\alenjojo123_gmail_com_application_default_credentials.json {"metadata":{"emulator":{"name":"functions"},"message":"Setting GAC to C:\\Users\\alenj\\AppData\\Roaming\\firebase\\alenjojo123_gmail_com_application_default_credentials.json"}}
[debug] [2021-08-15T13:20:43.909Z] > refreshing access token with scopes: []
[debug] [2021-08-15T13:20:43.910Z] >>> HTTP REQUEST POST https://www.googleapis.com/oauth2/v3/token  
 <request body omitted>
[debug] [2021-08-15T13:20:44.141Z] <<< HTTP RESPONSE 200 {"date":"Sun, 15 Aug 2021 13:20:43 GMT","pragma":"no-cache","expires":"Mon, 01 Jan 1990 00:00:00 GMT","cache-control":"no-cache, no-store, max-age=0, must-revalidate","content-type":"application/json; charset=utf-8","vary":"X-Origin, Referer, Origin,Accept-Encoding","server":"scaffolding on HTTPServer2","x-xss-protection":"0","x-frame-options":"SAMEORIGIN","x-content-type-options":"nosniff","alt-svc":"h3=\":443\"; ma=2592000,h3-29=\":443\"; ma=2592000,h3-T051=\":443\"; ma=2592000,h3-Q050=\":443\"; ma=2592000,h3-Q046=\":443\"; ma=2592000,h3-Q043=\":443\"; ma=2592000,quic=\":443\"; ma=2592000; v=\"46,43\"","accept-ranges":"none","transfer-encoding":"chunked"}
[debug] [2021-08-15T13:20:44.154Z] >>> [apiv2][query] GET https://firebase.googleapis.com/v1beta1/projects/clone-f15f1/adminSdkConfig [none]
[debug] [2021-08-15T13:20:44.659Z] <<< [apiv2][status] GET https://firebase-public.firebaseio.com/cli.json 200
[debug] [2021-08-15T13:20:44.659Z] <<< [apiv2][body] GET https://firebase-public.firebaseio.com/cli.json {"cloudBuildErrorAfter":1594252800000,"cloudBuildWarnAfter":1590019200000,"defaultNode10After":1594252800000,"minVersion":"3.0.5","node8DeploysDisabledAfter":1613390400000,"node8RuntimeDisabledAfter":1615809600000,"node8WarnAfter":1600128000000}
[debug] [2021-08-15T13:20:44.887Z] <<< [apiv2][status] GET https://firebase.googleapis.com/v1beta1/projects/clone-f15f1/adminSdkConfig 200
[debug] [2021-08-15T13:20:44.888Z] <<< [apiv2][body] GET https://firebase.googleapis.com/v1beta1/projects/clone-f15f1/adminSdkConfig {"projectId":"clone-f15f1","storageBucket":"clone-f15f1.appspot.com","locationId":"asia-south1"}
[debug] [2021-08-15T13:20:44.922Z] >>> [apiv2][query] GET https://firebasehosting.googleapis.com/v1beta1/projects/clone-f15f1/sites 
[debug] [2021-08-15T13:20:46.550Z] <<< [apiv2][status] GET https://firebasehosting.googleapis.com/v1beta1/projects/clone-f15f1/sites 200
[debug] [2021-08-15T13:20:46.551Z] <<< [apiv2][body] GET https://firebasehosting.googleapis.com/v1beta1/projects/clone-f15f1/sites {"sites":[{"name":"projects/295577712497/sites/clone-f15f1","defaultUrl":"https://clone-f15f1.web.app","appId":"1:295577712497:web:f682087712de75dee328d0","type":"DEFAULT_SITE"}]}
[debug] [2021-08-15T13:20:46.551Z] >>> [apiv2][query] GET https://firebase.googleapis.com/v1beta1/projects/clone-f15f1/webApps/1:295577712497:web:f682087712de75dee328d0/config [none]
[debug] [2021-08-15T13:20:47.818Z] <<< [apiv2][status] GET https://firebase.googleapis.com/v1beta1/projects/clone-f15f1/webApps/1:295577712497:web:f682087712de75dee328d0/config 200
[debug] [2021-08-15T13:20:47.819Z] <<< [apiv2][body] GET https://firebase.googleapis.com/v1beta1/projects/clone-f15f1/webApps/1:295577712497:web:f682087712de75dee328d0/config {"projectId":"clone-f15f1","appId":"1:295577712497:web:f682087712de75dee328d0","storageBucket":"clone-f15f1.appspot.com","locationId":"asia-south1","apiKey":"AIzaSyBCsfF_8Y8YetlXaV9Dx3T_wfTH0S9P49g","authDomain":"clone-f15f1.firebaseapp.com","messagingSenderId":"295577712497","measurementId":"G-9NG7DES1FZ"}
[info] i  hosting: Serving hosting files from: build {"metadata":{"emulator":{"name":"hosting"},"message":"Serving hosting files from: \u001b[1mbuild\u001b[22m"}}
[info] +  hosting: Local server: http://localhost:5000 {"metadata":{"emulator":{"name":"hosting"},"message":"Local server: \u001b[4m\u001b[1mhttp://localhost:5000\u001b[22m\u001b[24m"}}
[debug] [2021-08-15T13:20:47.879Z] Ignoring unsupported arg: auto_download {"metadata":{"emulator":{"name":"ui"},"message":"Ignoring unsupported arg: auto_download"}}
[debug] [2021-08-15T13:20:47.880Z] Ignoring unsupported arg: port {"metadata":{"emulator":{"name":"ui"},"message":"Ignoring unsupported arg: port"}}
[debug] [2021-08-15T13:20:47.880Z] Starting Emulator UI with command {"binary":"node","args":["C:\\Users\\alenj\\.cache\\firebase\\emulators\\ui-v1.6.2\\server.bundle.js"],"optionalArgs":[],"joinArgs":false} {"metadata":{"emulator":{"name":"ui"},"message":"Starting Emulator UI with command {\"binary\":\"node\",\"args\":[\"C:\\\\Users\\\\alenj\\\\.cache\\\\firebase\\\\emulators\\\\ui-v1.6.2\\\\server.bundle.js\"],\"optionalArgs\":[],\"joinArgs\":false}"}}
[info] i  ui: Emulator UI logging to ui-debug.log {"metadata":{"emulator":{"name":"ui"},"message":"Emulator UI logging to \u001b[1mui-debug.log\u001b[22m"}}
[debug] [2021-08-15T13:20:48.206Z] Web / API server started at localhost:4000
 {"metadata":{"emulator":{"name":"ui"},"message":"Web / API server started at localhost:4000\n"}}
[info] i  functions: Watching "C:\Users\alenj\Desktop\Projects\amazon-clone\functions" for Cloud Functions... {"metadata":{"emulator":{"name":"functions"},"message":"Watching \"C:\\Users\\alenj\\Desktop\\Projects\\amazon-clone\\functions\" for Cloud Functions..."}}
[debug] [2021-08-15T13:20:48.445Z] [worker-pool] addWorker(~diagnostic~) {"metadata":{"emulator":{"name":"functions"},"message":"[worker-pool] addWorker(~diagnostic~)"}}
[debug] [2021-08-15T13:20:48.445Z] [worker-pool] Adding worker with key ~diagnostic~, total=1 {"metadata":{"emulator":{"name":"functions"},"message":"[worker-pool] Adding worker with key ~diagnostic~, total=1"}}
[debug] [2021-08-15T13:20:48.445Z] [worker-pool] submitWork(triggerId=) {"metadata":{"emulator":{"name":"functions"},"message":"[worker-pool] submitWork(triggerId=)"}}
[debug] [2021-08-15T13:20:48.446Z] [worker-~diagnostic~-4a770c9d-c0a8-4528-9005-c4ee298ef0dd]: Assigning socketPath: \\?\pipe\C:\Users\alenj\Desktop\Projects\amazon-clone\functions\18504 {"metadata":{"emulator":{"name":"functions"},"message":"[worker-~diagnostic~-4a770c9d-c0a8-4528-9005-c4ee298ef0dd]: Assigning socketPath: \\\\?\\pipe\\C:\\Users\\alenj\\Desktop\\Projects\\amazon-clone\\functions\\18504"}}
[debug] [2021-08-15T13:20:48.446Z] [worker-~diagnostic~-4a770c9d-c0a8-4528-9005-c4ee298ef0dd]: BUSY {"metadata":{"emulator":{"name":"functions"},"message":"[worker-~diagnostic~-4a770c9d-c0a8-4528-9005-c4ee298ef0dd]: BUSY"}}
[debug] [2021-08-15T13:20:49.165Z] [runtime-status] [18504] Functions runtime initialized. {"cwd":"C:\\Users\\alenj\\Desktop\\Projects\\amazon-clone\\functions","node_version":"14.17.4"} {"metadata":{"emulator":{"name":"functions"},"message":"[runtime-status] [18504] Functions runtime initialized. {\"cwd\":\"C:\\\\Users\\\\alenj\\\\Desktop\\\\Projects\\\\amazon-clone\\\\functions\",\"node_version\":\"14.17.4\"}"}}
[debug] [2021-08-15T13:20:49.174Z] [runtime-status] [18504] Disabled runtime features: undefined {"metadata":{"emulator":{"name":"functions"},"message":"[runtime-status] [18504] Disabled runtime features: undefined"}}
[debug] [2021-08-15T13:20:49.181Z] [runtime-status] [18504] Resolved module firebase-admin {"declared":true,"installed":true,"version":"9.11.0","resolution":"C:\\Users\\alenj\\Desktop\\Projects\\amazon-clone\\functions\\node_modules\\firebase-admin\\lib\\index.js"} {"metadata":{"emulator":{"name":"functions"},"message":"[runtime-status] [18504] Resolved module firebase-admin {\"declared\":true,\"installed\":true,\"version\":\"9.11.0\",\"resolution\":\"C:\\\\Users\\\\alenj\\\\Desktop\\\\Projects\\\\amazon-clone\\\\functions\\\\node_modules\\\\firebase-admin\\\\lib\\\\index.js\"}"}}
[debug] [2021-08-15T13:20:49.200Z] [runtime-status] [18504] Resolved module firebase-functions {"declared":true,"installed":true,"version":"3.15.3","resolution":"C:\\Users\\alenj\\Desktop\\Projects\\amazon-clone\\functions\\node_modules\\firebase-functions\\lib\\index.js"} {"metadata":{"emulator":{"name":"functions"},"message":"[runtime-status] [18504] Resolved module firebase-functions {\"declared\":true,\"installed\":true,\"version\":\"3.15.3\",\"resolution\":\"C:\\\\Users\\\\alenj\\\\Desktop\\\\Projects\\\\amazon-clone\\\\functions\\\\node_modules\\\\firebase-functions\\\\lib\\\\index.js\"}"}}
[debug] [2021-08-15T13:20:49.207Z] [runtime-status] [18504] Resolved module firebase-functions {"declared":true,"installed":true,"version":"3.15.3","resolution":"C:\\Users\\alenj\\Desktop\\Projects\\amazon-clone\\functions\\node_modules\\firebase-functions\\lib\\index.js"} {"metadata":{"emulator":{"name":"functions"},"message":"[runtime-status] [18504] Resolved module firebase-functions {\"declared\":true,\"installed\":true,\"version\":\"3.15.3\",\"resolution\":\"C:\\\\Users\\\\alenj\\\\Desktop\\\\Projects\\\\amazon-clone\\\\functions\\\\node_modules\\\\firebase-functions\\\\lib\\\\index.js\"}"}}
[debug] [2021-08-15T13:20:49.209Z] [runtime-status] [18504] Outgoing network have been stubbed. [{"name":"http","status":"mocked"},{"name":"http","status":"mocked"},{"name":"https","status":"mocked"},{"name":"https","status":"mocked"},{"name":"net","status":"mocked"}] {"metadata":{"emulator":{"name":"functions"},"message":"[runtime-status] [18504] Outgoing network have been stubbed. [{\"name\":\"http\",\"status\":\"mocked\"},{\"name\":\"http\",\"status\":\"mocked\"},{\"name\":\"https\",\"status\":\"mocked\"},{\"name\":\"https\",\"status\":\"mocked\"},{\"name\":\"net\",\"status\":\"mocked\"}]"}}
[debug] [2021-08-15T13:20:49.210Z] [runtime-status] [18504] Resolved module firebase-functions {"declared":true,"installed":true,"version":"3.15.3","resolution":"C:\\Users\\alenj\\Desktop\\Projects\\amazon-clone\\functions\\node_modules\\firebase-functions\\lib\\index.js"} {"metadata":{"emulator":{"name":"functions"},"message":"[runtime-status] [18504] Resolved module firebase-functions {\"declared\":true,\"installed\":true,\"version\":\"3.15.3\",\"resolution\":\"C:\\\\Users\\\\alenj\\\\Desktop\\\\Projects\\\\amazon-clone\\\\functions\\\\node_modules\\\\firebase-functions\\\\lib\\\\index.js\"}"}}
[debug] [2021-08-15T13:20:49.308Z] [runtime-status] [18504] Checked functions.config() {"config":{}} {"metadata":{"emulator":{"name":"functions"},"message":"[runtime-status] [18504] Checked functions.config() {\"config\":{}}"}}
[debug] [2021-08-15T13:20:49.309Z] [runtime-status] [18504] firebase-functions has been stubbed. {"functionsResolution":{"declared":true,"installed":true,"version":"3.15.3","resolution":"C:\\Users\\alenj\\Desktop\\Projects\\amazon-clone\\functions\\node_modules\\firebase-functions\\lib\\index.js"}} {"metadata":{"emulator":{"name":"functions"},"message":"[runtime-status] [18504] firebase-functions has been stubbed. {\"functionsResolution\":{\"declared\":true,\"installed\":true,\"version\":\"3.15.3\",\"resolution\":\"C:\\\\Users\\\\alenj\\\\Desktop\\\\Projects\\\\amazon-clone\\\\functions\\\\node_modules\\\\firebase-functions\\\\lib\\\\index.js\"}}"}}
[debug] [2021-08-15T13:20:49.310Z] [runtime-status] [18504] Resolved module firebase-functions {"declared":true,"installed":true,"version":"3.15.3","resolution":"C:\\Users\\alenj\\Desktop\\Projects\\amazon-clone\\functions\\node_modules\\firebase-functions\\lib\\index.js"} {"metadata":{"emulator":{"name":"functions"},"message":"[runtime-status] [18504] Resolved module firebase-functions {\"declared\":true,\"installed\":true,\"version\":\"3.15.3\",\"resolution\":\"C:\\\\Users\\\\alenj\\\\Desktop\\\\Projects\\\\amazon-clone\\\\functions\\\\node_modules\\\\firebase-functions\\\\lib\\\\index.js\"}"}}
[debug] [2021-08-15T13:20:49.315Z] [runtime-status] [18504] Resolved module firebase-admin {"declared":true,"installed":true,"version":"9.11.0","resolution":"C:\\Users\\alenj\\Desktop\\Projects\\amazon-clone\\functions\\node_modules\\firebase-admin\\lib\\index.js"} {"metadata":{"emulator":{"name":"functions"},"message":"[runtime-status] [18504] Resolved module firebase-admin {\"declared\":true,\"installed\":true,\"version\":\"9.11.0\",\"resolution\":\"C:\\\\Users\\\\alenj\\\\Desktop\\\\Projects\\\\amazon-clone\\\\functions\\\\node_modules\\\\firebase-admin\\\\lib\\\\index.js\"}"}}
[debug] [2021-08-15T13:20:49.316Z] [runtime-status] [18504] Resolved module firebase-functions {"declared":true,"installed":true,"version":"3.15.3","resolution":"C:\\Users\\alenj\\Desktop\\Projects\\amazon-clone\\functions\\node_modules\\firebase-functions\\lib\\index.js"} {"metadata":{"emulator":{"name":"functions"},"message":"[runtime-status] [18504] Resolved module firebase-functions {\"declared\":true,\"installed\":true,\"version\":\"3.15.3\",\"resolution\":\"C:\\\\Users\\\\alenj\\\\Desktop\\\\Projects\\\\amazon-clone\\\\functions\\\\node_modules\\\\firebase-functions\\\\lib\\\\index.js\"}"}}
[debug] [2021-08-15T13:20:49.316Z] [runtime-status] [18504] firebase-admin has been stubbed. {"adminResolution":{"declared":true,"installed":true,"version":"9.11.0","resolution":"C:\\Users\\alenj\\Desktop\\Projects\\amazon-clone\\functions\\node_modules\\firebase-admin\\lib\\index.js"}} {"metadata":{"emulator":{"name":"functions"},"message":"[runtime-status] [18504] firebase-admin has been stubbed. {\"adminResolution\":{\"declared\":true,\"installed\":true,\"version\":\"9.11.0\",\"resolution\":\"C:\\\\Users\\\\alenj\\\\Desktop\\\\Projects\\\\amazon-clone\\\\functions\\\\node_modules\\\\firebase-admin\\\\lib\\\\index.js\"}}"}}
[info] +  functions[us-central1-api]: http function initialized (http://localhost:5001/clone-f15f1/us-central1/api). {"metadata":{"emulator":{"name":"functions"},"message":"\u001b[1mhttp\u001b[22m function initialized (http://localhost:5001/clone-f15f1/us-central1/api)."}}
[info] 
┌─────────────────────────────────────────────────────────────┐
│ ✔  All emulators ready! It is now safe to connect your app. │
│ i  View Emulator UI at http://localhost:4000                │
└─────────────────────────────────────────────────────────────┘

┌───────────┬────────────────┬─────────────────────────────────┐
│ Emulator  │ Host:Port      │ View in Emulator UI             │
├───────────┼────────────────┼─────────────────────────────────┤
│ Functions │ localhost:5001 │ http://localhost:4000/functions │
├───────────┼────────────────┼─────────────────────────────────┤
│ Hosting   │ localhost:5000 │ n/a                             │
└───────────┴────────────────┴─────────────────────────────────┘
  Emulator Hub running at localhost:4400
  Other reserved ports: 4500

Issues? Report them at https://github.com/firebase/firebase-tools/issues and attach the *-debug.log files.
 
[debug] [2021-08-15T13:20:49.688Z] [worker-~diagnostic~-4a770c9d-c0a8-4528-9005-c4ee298ef0dd]: IDLE {"metadata":{"emulator":{"name":"functions"},"message":"[worker-~diagnostic~-4a770c9d-c0a8-4528-9005-c4ee298ef0dd]: IDLE"}}
